#
# There is insufficient memory for the Java Runtime Environment to continue.
# Native memory allocation (mmap) failed to map 536870912 bytes for G1 virtual space
# Possible reasons:
#   The system is out of physical RAM or swap space
#   The process is running with CompressedOops enabled, and the Java Heap may be blocking the growth of the native heap
# Possible solutions:
#   Reduce memory load on the system
#   Increase physical memory or swap space
#   Check if swap backing store is full
#   Decrease Java heap size (-Xmx/-Xms)
#   Decrease number of Java threads
#   Decrease Java thread stack sizes (-Xss)
#   Set larger code cache with -XX:ReservedCodeCacheSize=
#   JVM is running with Zero Based Compressed Oops mode in which the Java heap is
#     placed in the first 32GB address space. The Java Heap base address is the
#     maximum limit for the native heap growth. Please use -XX:HeapBaseMinAddress
#     to set the Java Heap base and to place the Java Heap above 32GB virtual address.
# This output file may be truncated or incomplete.
#
#  Out of Memory Error (os_windows.cpp:3530), pid=27940, tid=15944
#
# JRE version:  (18.0.2.1+1) (build )
# Java VM: Java HotSpot(TM) 64-Bit Server VM (18.0.2.1+1-1, mixed mode, sharing, tiered, compressed oops, compressed class ptrs, g1 gc, windows-amd64)
# No core dump will be written. Minidumps are not enabled by default on client versions of Windows
#

---------------  S U M M A R Y ------------

Command Line: -Dfile.encoding=UTF-8 --module-path=C:\Users\강해성\Desktop\mysql-connector-java-8.0.30\mysql-connector-java-8.0.30.jar -XX:+ShowCodeDetailsInExceptionMessages Kiosk.ex

Host: Intel(R) Core(TM) i7-6700 CPU @ 3.40GHz, 8 cores, 31G,  Windows 11 , 64 bit Build 22000 (10.0.22000.318)
Time: Fri Dec  2 23:08:03 2022  Windows 11 , 64 bit Build 22000 (10.0.22000.318) elapsed time: 0.017303 seconds (0d 0h 0m 0s)

---------------  T H R E A D  ---------------

Current thread (0x000002a61ac9e840):  JavaThread "Unknown thread" [_thread_in_vm, id=15944, stack(0x000000d36b700000,0x000000d36b800000)]

Stack: [0x000000d36b700000,0x000000d36b800000]
Native frames: (J=compiled Java code, j=interpreted, Vv=VM code, C=native code)
V  [jvm.dll+0x6993aa]
V  [jvm.dll+0x7f46dd]
V  [jvm.dll+0x7f5fee]
V  [jvm.dll+0x7f66a3]
V  [jvm.dll+0x25cf1f]
V  [jvm.dll+0x6962f9]
V  [jvm.dll+0x68ae2a]
V  [jvm.dll+0x32255b]
V  [jvm.dll+0x329f36]
V  [jvm.dll+0x37eade]
V  [jvm.dll+0x37ed0f]
V  [jvm.dll+0x2fa2da]
V  [jvm.dll+0x2fb33d]
V  [jvm.dll+0x7c3310]
V  [jvm.dll+0x38be61]
V  [jvm.dll+0x7a2023]
V  [jvm.dll+0x40dc3f]
V  [jvm.dll+0x40f611]
C  [jli.dll+0x526b]
C  [ucrtbase.dll+0x26c0c]
C  [KERNEL32.DLL+0x154e0]
C  [ntdll.dll+0x485b]


---------------  P R O C E S S  ---------------

Threads class SMR info:
_java_thread_list=0x00007fff03c9e550, length=0, elements={
}

Java Threads: ( => current thread )

Other Threads:
  0x000002a61ad52480 WorkerThread "GC Thread#0" [stack: 0x000000d36b800000,0x000000d36b900000] [id=15308]
  0x000002a61ad64b20 ConcurrentGCThread "G1 Main Marker" [stack: 0x000000d36b900000,0x000000d36ba00000] [id=6100]
  0x000002a61ad65510 WorkerThread "G1 Conc#0" [stack: 0x000000d36ba00000,0x000000d36bb00000] [id=15488]

[error occurred during error reporting (printing all threads), id 0xc0000005, EXCEPTION_ACCESS_VIOLATION (0xc0000005) at pc=0x00007fff034ca877]

VM state: not at safepoint (not fully initialized)

VM Mutex/Monitor currently owned by a thread:  ([mutex/lock_event])
[0x000002a61ac99810] Heap_lock - owner thread: 0x000002a61ac9e840

Heap address: 0x0000000600800000, size: 8184 MB, Compressed Oops mode: Zero based, Oop shift amount: 3

CDS archive(s) mapped at: [0x0000000000000000-0x0000000000000000-0x0000000000000000), size 0, SharedBaseAddress: 0x0000000800000000, ArchiveRelocationMode: 0.
Narrow klass base: 0x0000000000000000, Narrow klass shift: 0, Narrow klass range: 0x0

GC Precious Log:
 CardTable entry size: 512
 Card Set container configuration: InlinePtr #cards 4 size 8 Array Of Cards #cards 32 size 80 Howl #buckets 8 coarsen threshold 7372 Howl Bitmap #cards 1024 size 144 coarsen threshold 921 Card regions per heap region 1 cards per card region 8192

Heap:
 garbage-first heap   total 0K, used 0K [0x0000000600800000, 0x0000000800000000)
  region size 4096K, 0 young (0K), 0 survivors (0K)

[error occurred during error reporting (printing heap information), id 0xc0000005, EXCEPTION_ACCESS_VIOLATION (0xc0000005) at pc=0x00007fff038b1839]

GC Heap History (0 events):
No events

Deoptimization events (0 events):
No events

Classes loaded (0 events):
No events

Classes unloaded (0 events):
No events

Classes redefined (0 events):
No events

Internal exceptions (0 events):
No events

VM Operations (0 events):
No events

Events (1 events):
Event: 0.011 Loaded shared library C:\Program Files\Java\jdk-18.0.2.1\bin\java.dll


Dynamic libraries:
0x00007ff699380000 - 0x00007ff699390000 	C:\Program Files\Java\jdk-18.0.2.1\bin\javaw.exe
0x00007fffd9de0000 - 0x00007fffd9fe7000 	C:\Windows\SYSTEM32\ntdll.dll
0x00007fffd7e00000 - 0x00007fffd7ebd000 	C:\Windows\System32\KERNEL32.DLL
0x00007fffd75f0000 - 0x00007fffd7964000 	C:\Windows\System32\KERNELBASE.dll
0x00007fffd72f0000 - 0x00007fffd7401000 	C:\Windows\System32\ucrtbase.dll
0x00007fffbac20000 - 0x00007fffbac38000 	C:\Program Files\Java\jdk-18.0.2.1\bin\jli.dll
0x00007fffa16c0000 - 0x00007fffa16da000 	C:\Program Files\Java\jdk-18.0.2.1\bin\VCRUNTIME140.dll
0x00007fffd9000000 - 0x00007fffd90ac000 	C:\Windows\System32\ADVAPI32.dll
0x00007fffd9c80000 - 0x00007fffd9d23000 	C:\Windows\System32\msvcrt.dll
0x00007fffd7c70000 - 0x00007fffd7d0d000 	C:\Windows\System32\sechost.dll
0x00007fffd84a0000 - 0x00007fffd85c1000 	C:\Windows\System32\RPCRT4.dll
0x00007fffd91b0000 - 0x00007fffd935c000 	C:\Windows\System32\USER32.dll
0x00007fffc0fd0000 - 0x00007fffc1275000 	C:\Windows\WinSxS\amd64_microsoft.windows.common-controls_6595b64144ccf1df_6.0.22000.120_none_9d947278b86cc467\COMCTL32.dll
0x00007fffd72c0000 - 0x00007fffd72e6000 	C:\Windows\System32\win32u.dll
0x00007fffd8410000 - 0x00007fffd8439000 	C:\Windows\System32\GDI32.dll
0x00007fffd7410000 - 0x00007fffd7522000 	C:\Windows\System32\gdi32full.dll
0x00007fffd7970000 - 0x00007fffd7a0d000 	C:\Windows\System32\msvcp_win.dll
0x00007fffcfba0000 - 0x00007fffcfbaa000 	C:\Windows\SYSTEM32\VERSION.dll
0x00007fffd9d50000 - 0x00007fffd9d81000 	C:\Windows\System32\IMM32.DLL
0x00007fffbaf60000 - 0x00007fffbaf6c000 	C:\Program Files\Java\jdk-18.0.2.1\bin\vcruntime140_1.dll
0x00007fff80780000 - 0x00007fff8080d000 	C:\Program Files\Java\jdk-18.0.2.1\bin\msvcp140.dll
0x00007fff031c0000 - 0x00007fff03dd1000 	C:\Program Files\Java\jdk-18.0.2.1\bin\server\jvm.dll
0x00007fffd8b20000 - 0x00007fffd8b28000 	C:\Windows\System32\PSAPI.DLL
0x00007fffca680000 - 0x00007fffca689000 	C:\Windows\SYSTEM32\WSOCK32.dll
0x00007fffcde50000 - 0x00007fffcde83000 	C:\Windows\SYSTEM32\WINMM.dll
0x00007fffd8650000 - 0x00007fffd86bf000 	C:\Windows\System32\WS2_32.dll
0x00007fffd6410000 - 0x00007fffd6428000 	C:\Windows\SYSTEM32\kernel.appcore.dll
0x00007fffb8110000 - 0x00007fffb811a000 	C:\Program Files\Java\jdk-18.0.2.1\bin\jimage.dll
0x00007fffc5df0000 - 0x00007fffc6011000 	C:\Windows\SYSTEM32\DBGHELP.DLL
0x00007fffc3820000 - 0x00007fffc3851000 	C:\Windows\SYSTEM32\dbgcore.DLL
0x00007fffd7a10000 - 0x00007fffd7a90000 	C:\Windows\System32\bcryptPrimitives.dll
0x00007fff9c010000 - 0x00007fff9c035000 	C:\Program Files\Java\jdk-18.0.2.1\bin\java.dll

dbghelp: loaded successfully - version: 4.0.5 - missing functions: none
symbol engine: initialized successfully - sym options: 0x614 - pdb path: .;C:\Program Files\Java\jdk-18.0.2.1\bin;C:\Windows\SYSTEM32;C:\Windows\WinSxS\amd64_microsoft.windows.common-controls_6595b64144ccf1df_6.0.22000.120_none_9d947278b86cc467;C:\Program Files\Java\jdk-18.0.2.1\bin\server

VM Arguments:
jvm_args: -Dfile.encoding=UTF-8 --module-path=C:\Users\강해성\Desktop\mysql-connector-java-8.0.30\mysql-connector-java-8.0.30.jar -XX:+ShowCodeDetailsInExceptionMessages 
java_command: Kiosk.ex
java_class_path (initial): C:\Users\강해성\Documents\j_p\Java_Kiosk\bin
Launcher Type: SUN_STANDARD

[Global flags]
     intx CICompilerCount                          = 4                                         {product} {ergonomic}
     uint ConcGCThreads                            = 2                                         {product} {ergonomic}
     uint G1ConcRefinementThreads                  = 8                                         {product} {ergonomic}
   size_t G1HeapRegionSize                         = 4194304                                   {product} {ergonomic}
    uintx GCDrainStackTargetSize                   = 64                                        {product} {ergonomic}
   size_t InitialHeapSize                          = 536870912                                 {product} {ergonomic}
   size_t MarkStackSize                            = 4194304                                   {product} {ergonomic}
   size_t MaxHeapSize                              = 8581545984                                {product} {ergonomic}
   size_t MinHeapDeltaBytes                        = 4194304                                   {product} {ergonomic}
   size_t MinHeapSize                              = 8388608                                   {product} {ergonomic}
    uintx NonNMethodCodeHeapSize                   = 5839372                                {pd product} {ergonomic}
    uintx NonProfiledCodeHeapSize                  = 122909434                              {pd product} {ergonomic}
    uintx ProfiledCodeHeapSize                     = 122909434                              {pd product} {ergonomic}
    uintx ReservedCodeCacheSize                    = 251658240                              {pd product} {ergonomic}
     bool SegmentedCodeCache                       = true                                      {product} {ergonomic}
     bool ShowCodeDetailsInExceptionMessages       = true                                   {manageable} {command line}
   size_t SoftMaxHeapSize                          = 8581545984                             {manageable} {ergonomic}
     bool UseCompressedClassPointers               = true                           {product lp64_product} {ergonomic}
     bool UseCompressedOops                        = true                           {product lp64_product} {ergonomic}
     bool UseG1GC                                  = true                                      {product} {ergonomic}
     bool UseLargePagesIndividualAllocation        = false                                  {pd product} {ergonomic}

Logging:
Log output configuration:
 #0: stdout all=warning uptime,level,tags foldmultilines=false
 #1: stderr all=off uptime,level,tags foldmultilines=false

Environment Variables:
PATH=C:/eclipse//plugins/org.eclipse.justj.openjdk.hotspot.jre.full.win32.x86_64_17.0.3.v20220515-1416/jre/bin/server;C:/eclipse//plugins/org.eclipse.justj.openjdk.hotspot.jre.full.win32.x86_64_17.0.3.v20220515-1416/jre/bin;C:\Program Files\Common Files\Oracle\Java\javapath;C:\Windows\system32;C:\Windows;C:\Windows\System32\Wbem;C:\Windows\System32\WindowsPowerShell\v1.0\;C:\Windows\System32\OpenSSH\;C:\Program Files\Bandizip\;C:\Program Files\dotnet\;C:\Program Files\Docker\Docker\resources\bin;C:\Program Files\Git\cmd;C:\Program Files (x86)\NVIDIA Corporation\PhysX\Common;C:\Program Files\NVIDIA Corporation\NVIDIA NvDLISR;C:\Users\강해성\AppData\Local\Programs\Python\Python38\Scripts\;C:\Users\강해성\AppData\Local\Programs\Python\Python38\;C:\Program Files\MySQL\MySQL Shell 8.0\bin\;C:\Users\강해성\AppData\Local\Microsoft\WindowsApps;C:\Users\강해성\.dotnet\tools;C:\Program Files\JetBrains\IntelliJ IDEA Community Edition 2022.2.1\bin;;C:\Users\강해성\AppData\Local\Programs\Microsoft VS Code\bin;C:\eclipse;
USERNAME=강해성
OS=Windows_NT
PROCESSOR_IDENTIFIER=Intel64 Family 6 Model 94 Stepping 3, GenuineIntel



---------------  S Y S T E M  ---------------

OS:
 Windows 11 , 64 bit Build 22000 (10.0.22000.318)
OS uptime: 14 days 3:29 hours
Hyper-V role detected

CPU: total 8 (initial active 8) (4 cores per cpu, 2 threads per core) family 6 model 94 stepping 3 microcode 0xd6, cx8, cmov, fxsr, ht, mmx, 3dnowpref, sse, sse2, sse3, ssse3, sse4.1, sse4.2, popcnt, lzcnt, tsc, tscinvbit, avx, avx2, aes, erms, clmul, bmi1, bmi2, rtm, adx, fma, vzeroupper, clflush, clflushopt, hv

Memory: 4k page, system-wide physical 32720M (16061M free)
TotalPageFile size 63151M (AvailPageFile size 32M)
current process WorkingSet (physical memory assigned to process): 11M, peak: 11M
current process commit charge ("private bytes"): 60M, peak: 572M

vm_info: Java HotSpot(TM) 64-Bit Server VM (18.0.2.1+1-1) for windows-amd64 JRE (18.0.2.1+1-1), built on Aug 16 2022 01:46:33 by "mach5one" with MS VC++ 16.8 / 16.9 (VS2019)

END.
